using gpu
training epoch: 1
Epoch 1 of 50 took 245.321s
training loss:		491.349854
validation loss:		471.946716
recall@1 = 1.171875%
recall@5 = 4.296875%
recall@10 = 6.25%
average rank= 104.55078125
training epoch: 2
Epoch 2 of 50 took 241.638s
training loss:		368.314056
validation loss:		332.350098
recall@1 = 0.78125%
recall@5 = 6.25%
recall@10 = 10.9375%
average rank= 81.890625
training epoch: 3
Epoch 3 of 50 took 244.111s
training loss:		236.540771
validation loss:		239.556351
recall@1 = 3.125%
recall@5 = 8.59375%
recall@10 = 16.015625%
average rank= 74.1953125
training epoch: 4
Epoch 4 of 50 took 242.712s
training loss:		174.541779
validation loss:		205.716827
recall@1 = 1.953125%
recall@5 = 8.984375%
recall@10 = 12.890625%
average rank= 77.5546875
training epoch: 5
Epoch 5 of 50 took 241.163s
training loss:		130.132523
validation loss:		140.518341
recall@1 = 1.171875%
recall@5 = 8.203125%
recall@10 = 14.0625%
average rank= 70.546875
training epoch: 6
Epoch 6 of 50 took 241.961s
training loss:		101.380341
validation loss:		161.336212
recall@1 = 1.953125%
recall@5 = 8.984375%
recall@10 = 15.625%
average rank= 67.42578125
training epoch: 7
Epoch 7 of 50 took 242.965s
training loss:		85.117607
validation loss:		136.608032
recall@1 = 1.953125%
recall@5 = 8.984375%
recall@10 = 16.015625%
average rank= 63.43359375
training epoch: 8
Epoch 8 of 50 took 243.098s
training loss:		80.214531
validation loss:		122.005569
recall@1 = 1.953125%
recall@5 = 9.375%
recall@10 = 12.890625%
average rank= 63.51953125
training epoch: 9
Epoch 9 of 50 took 1009.631s
training loss:		64.703972
validation loss:		121.932487
recall@1 = 3.90625%
recall@5 = 10.546875%
recall@10 = 17.578125%
average rank= 60.19140625
training epoch: 10
Epoch 10 of 50 took 341.363s
training loss:		47.637562
validation loss:		112.223083
recall@1 = 3.90625%
recall@5 = 8.59375%
recall@10 = 12.890625%
average rank= 67.78515625
training epoch: 11
Epoch 11 of 50 took 243.594s
training loss:		40.093384
validation loss:		120.065582
recall@1 = 3.515625%
recall@5 = 12.5%
recall@10 = 19.140625%
average rank= 61.30859375
training epoch: 12
Epoch 12 of 50 took 242.149s
training loss:		34.202106
validation loss:		97.276329
recall@1 = 3.515625%
recall@5 = 10.15625%
recall@10 = 17.96875%
average rank= 61.21875
training epoch: 13
Epoch 13 of 50 took 241.443s
training loss:		31.813717
validation loss:		68.417763
recall@1 = 3.90625%
recall@5 = 12.5%
recall@10 = 20.3125%
average rank= 58.91015625
training epoch: 14
Epoch 14 of 50 took 242.153s
training loss:		26.192892
validation loss:		95.163475
recall@1 = 2.734375%
recall@5 = 10.15625%
recall@10 = 16.015625%
average rank= 62.66796875
training epoch: 15
Epoch 15 of 50 took 242.968s
training loss:		22.228483
validation loss:		85.836411
recall@1 = 3.515625%
recall@5 = 11.328125%
recall@10 = 16.40625%
average rank= 63.02734375
training epoch: 16
Epoch 16 of 50 took 242.016s
training loss:		19.081074
validation loss:		89.140831
recall@1 = 2.734375%
recall@5 = 11.71875%
recall@10 = 18.75%
average rank= 56.8203125
training epoch: 17
Epoch 17 of 50 took 241.418s
training loss:		14.135010
validation loss:		96.627296
recall@1 = 4.296875%
recall@5 = 12.109375%
recall@10 = 19.53125%
average rank= 59.640625
training epoch: 18
Epoch 18 of 50 took 242.123s
training loss:		12.474340
validation loss:		91.494118
recall@1 = 4.296875%
recall@5 = 11.328125%
recall@10 = 15.234375%
average rank= 61.58203125
training epoch: 19
Epoch 19 of 50 took 241.382s
training loss:		12.576234
validation loss:		69.460266
recall@1 = 3.90625%
recall@5 = 15.625%
recall@10 = 23.828125%
average rank= 53.45703125
training epoch: 20
Epoch 20 of 50 took 242.285s
training loss:		13.146847
validation loss:		88.080353
recall@1 = 3.90625%
recall@5 = 10.9375%
recall@10 = 18.359375%
average rank= 56.42578125
training epoch: 21
Epoch 21 of 50 took 242.509s
training loss:		11.163934
validation loss:		105.705818
recall@1 = 3.90625%
recall@5 = 14.0625%
recall@10 = 20.703125%
average rank= 58.5703125
training epoch: 22
Epoch 22 of 50 took 241.616s
training loss:		9.049752
validation loss:		86.602074
recall@1 = 4.6875%
recall@5 = 14.84375%
recall@10 = 20.703125%
average rank= 58.97265625
training epoch: 23
Epoch 23 of 50 took 242.204s
training loss:		9.550990
validation loss:		99.368332
recall@1 = 4.296875%
recall@5 = 11.328125%
recall@10 = 18.75%
average rank= 55.48046875
training epoch: 24
Epoch 24 of 50 took 241.255s
training loss:		8.978292
validation loss:		96.214996
recall@1 = 4.6875%
recall@5 = 14.453125%
recall@10 = 18.359375%
average rank= 57.48828125
training epoch: 25
Epoch 25 of 50 took 241.420s
training loss:		7.144179
validation loss:		80.208946
recall@1 = 4.296875%
recall@5 = 9.765625%
recall@10 = 17.1875%
average rank= 56.640625
training epoch: 26
Epoch 26 of 50 took 241.480s
training loss:		5.849894
validation loss:		88.693314
recall@1 = 3.515625%
recall@5 = 10.546875%
recall@10 = 17.96875%
average rank= 61.11328125
training epoch: 27
Epoch 27 of 50 took 242.544s
training loss:		6.103010
validation loss:		57.575428
recall@1 = 4.6875%
recall@5 = 10.9375%
recall@10 = 18.359375%
average rank= 59.828125
training epoch: 28
Epoch 28 of 50 took 241.471s
training loss:		5.543855
validation loss:		98.988007
recall@1 = 4.6875%
recall@5 = 11.71875%
recall@10 = 18.75%
average rank= 57.63671875
training epoch: 29
Epoch 29 of 50 took 241.612s
training loss:		5.619630
validation loss:		110.768333
recall@1 = 3.90625%
recall@5 = 9.765625%
recall@10 = 17.1875%
average rank= 60.25390625
training epoch: 30
Epoch 30 of 50 took 241.079s
training loss:		4.663229
validation loss:		87.047943
recall@1 = 3.125%
recall@5 = 11.71875%
recall@10 = 17.96875%
average rank= 58.203125
training epoch: 31
Epoch 31 of 50 took 241.078s
training loss:		5.372379
validation loss:		99.907471
recall@1 = 3.90625%
recall@5 = 11.328125%
recall@10 = 20.703125%
average rank= 58.63671875
training epoch: 32
Epoch 32 of 50 took 241.546s
training loss:		4.929094
validation loss:		64.804153
recall@1 = 3.125%
recall@5 = 12.5%
recall@10 = 20.3125%
average rank= 58.296875
training epoch: 33
Epoch 33 of 50 took 241.838s
training loss:		4.581343
validation loss:		70.781342
recall@1 = 3.90625%
recall@5 = 12.5%
recall@10 = 19.921875%
average rank= 54.34765625
training epoch: 34
Epoch 34 of 50 took 241.857s
training loss:		4.200840
validation loss:		102.725281
recall@1 = 4.296875%
recall@5 = 14.0625%
recall@10 = 20.3125%
average rank= 57.80078125
training epoch: 35
Epoch 35 of 50 took 242.292s
training loss:		3.964190
validation loss:		73.273453
recall@1 = 1.953125%
recall@5 = 7.421875%
recall@10 = 14.84375%
average rank= 57.8984375
training epoch: 36
Epoch 36 of 50 took 241.569s
training loss:		5.721726
validation loss:		67.494873
recall@1 = 3.125%
recall@5 = 12.5%
recall@10 = 19.140625%
average rank= 59.2890625
training epoch: 37
Epoch 37 of 50 took 242.325s
training loss:		4.343532
validation loss:		72.751785
recall@1 = 4.6875%
recall@5 = 11.71875%
recall@10 = 17.578125%
average rank= 59.1953125
training epoch: 38
Epoch 38 of 50 took 241.992s
training loss:		3.804090
validation loss:		102.013496
recall@1 = 3.90625%
recall@5 = 12.109375%
recall@10 = 18.75%
average rank= 57.78515625
training epoch: 39
Epoch 39 of 50 took 242.647s
training loss:		4.221317
validation loss:		101.729805
recall@1 = 3.125%
recall@5 = 12.109375%
recall@10 = 16.796875%
average rank= 57.8203125
training epoch: 40
Epoch 40 of 50 took 241.864s
training loss:		4.402932
validation loss:		81.022827
recall@1 = 4.296875%
recall@5 = 12.890625%
recall@10 = 21.484375%
average rank= 55.19140625
training epoch: 41
Epoch 41 of 50 took 242.327s
training loss:		4.162638
validation loss:		54.737385
recall@1 = 2.734375%
recall@5 = 11.328125%
recall@10 = 17.578125%
average rank= 56.828125
training epoch: 42
Epoch 42 of 50 took 241.172s
training loss:		4.337008
validation loss:		79.772667
recall@1 = 2.734375%
recall@5 = 7.8125%
recall@10 = 14.84375%
average rank= 61.2109375
training epoch: 43
Epoch 43 of 50 took 240.917s
training loss:		5.286986
validation loss:		94.260239
recall@1 = 4.6875%
recall@5 = 12.109375%
recall@10 = 17.578125%
average rank= 60.375
training epoch: 44
Epoch 44 of 50 took 241.538s
training loss:		4.364390
validation loss:		103.232658
recall@1 = 3.515625%
recall@5 = 14.453125%
recall@10 = 20.3125%
average rank= 59.7109375
training epoch: 45
Epoch 45 of 50 took 242.401s
training loss:		3.614753
validation loss:		102.544891
recall@1 = 1.953125%
recall@5 = 11.71875%
recall@10 = 17.96875%
average rank= 61.5546875
training epoch: 46
Epoch 46 of 50 took 242.252s
training loss:		5.075737
validation loss:		91.575874
recall@1 = 5.078125%
recall@5 = 14.84375%
recall@10 = 19.921875%
average rank= 56.3125
training epoch: 47
Epoch 47 of 50 took 242.143s
training loss:		4.566963
validation loss:		71.511368
recall@1 = 3.515625%
recall@5 = 12.5%
recall@10 = 19.921875%
average rank= 62.33984375
training epoch: 48
Epoch 48 of 50 took 241.632s
training loss:		4.172638
validation loss:		80.975723
recall@1 = 3.90625%
recall@5 = 13.671875%
recall@10 = 19.53125%
average rank= 58.7578125
training epoch: 49
Epoch 49 of 50 took 241.663s
training loss:		3.673356
validation loss:		75.470741
recall@1 = 4.296875%
recall@5 = 12.5%
recall@10 = 18.359375%
average rank= 57.6796875
training epoch: 50
Epoch 50 of 50 took 242.637s
training loss:		4.183886
validation loss:		73.573509
recall@1 = 2.34375%
recall@5 = 10.546875%
recall@10 = 17.96875%
average rank= 57.26953125
test loss:		119.425430
test recall@1 = 3.125%
test recall@5 = 12.890625%
test recall@10 = 19.921875%
test average rank= 54.2734375
Closing remaining open files:/prep_data/flickr_features.h5...done
